Determining if the pthread_create exist failed with the following output:
Change Dir: /home/kai/catkin_ws_finalKai/build/CMakeFiles/CMakeTmp

Run Build Command:"/usr/bin/make" "cmTC_35ca4/fast"
/usr/bin/make -f CMakeFiles/cmTC_35ca4.dir/build.make CMakeFiles/cmTC_35ca4.dir/build
make[1]: se entra en el directorio '/home/kai/catkin_ws_finalKai/build/CMakeFiles/CMakeTmp'
Building C object CMakeFiles/cmTC_35ca4.dir/CheckSymbolExists.c.o
/usr/bin/cc    -o CMakeFiles/cmTC_35ca4.dir/CheckSymbolExists.c.o   -c /home/kai/catkin_ws_finalKai/build/CMakeFiles/CMakeTmp/CheckSymbolExists.c
Linking C executable cmTC_35ca4
/usr/bin/cmake -E cmake_link_script CMakeFiles/cmTC_35ca4.dir/link.txt --verbose=1
/usr/bin/cc      -rdynamic CMakeFiles/cmTC_35ca4.dir/CheckSymbolExists.c.o  -o cmTC_35ca4 
CMakeFiles/cmTC_35ca4.dir/CheckSymbolExists.c.o: En la función `main':
CheckSymbolExists.c:(.text+0x1b): referencia a `pthread_create' sin definir
collect2: error: ld returned 1 exit status
CMakeFiles/cmTC_35ca4.dir/build.make:97: recipe for target 'cmTC_35ca4' failed
make[1]: *** [cmTC_35ca4] Error 1
make[1]: se sale del directorio '/home/kai/catkin_ws_finalKai/build/CMakeFiles/CMakeTmp'
Makefile:126: recipe for target 'cmTC_35ca4/fast' failed
make: *** [cmTC_35ca4/fast] Error 2

File /home/kai/catkin_ws_finalKai/build/CMakeFiles/CMakeTmp/CheckSymbolExists.c:
/* */
#include <pthread.h>

int main(int argc, char** argv)
{
  (void)argv;
#ifndef pthread_create
  return ((int*)(&pthread_create))[argc];
#else
  (void)argc;
  return 0;
#endif
}

Determining if the function pthread_create exists in the pthreads failed with the following output:
Change Dir: /home/kai/catkin_ws_finalKai/build/CMakeFiles/CMakeTmp

Run Build Command:"/usr/bin/make" "cmTC_dc459/fast"
/usr/bin/make -f CMakeFiles/cmTC_dc459.dir/build.make CMakeFiles/cmTC_dc459.dir/build
make[1]: se entra en el directorio '/home/kai/catkin_ws_finalKai/build/CMakeFiles/CMakeTmp'
Building C object CMakeFiles/cmTC_dc459.dir/CheckFunctionExists.c.o
/usr/bin/cc   -DCHECK_FUNCTION_EXISTS=pthread_create   -o CMakeFiles/cmTC_dc459.dir/CheckFunctionExists.c.o   -c /usr/share/cmake-3.10/Modules/CheckFunctionExists.c
Linking C executable cmTC_dc459
/usr/bin/cmake -E cmake_link_script CMakeFiles/cmTC_dc459.dir/link.txt --verbose=1
/usr/bin/cc  -DCHECK_FUNCTION_EXISTS=pthread_create    -rdynamic CMakeFiles/cmTC_dc459.dir/CheckFunctionExists.c.o  -o cmTC_dc459 -lpthreads 
/usr/bin/ld: no se puede encontrar -lpthreads
collect2: error: ld returned 1 exit status
CMakeFiles/cmTC_dc459.dir/build.make:97: recipe for target 'cmTC_dc459' failed
make[1]: *** [cmTC_dc459] Error 1
make[1]: se sale del directorio '/home/kai/catkin_ws_finalKai/build/CMakeFiles/CMakeTmp'
Makefile:126: recipe for target 'cmTC_dc459/fast' failed
make: *** [cmTC_dc459/fast] Error 2


